Using pre-set license
Built from '2020.3/staging' branch; Version is '2020.3.16f1 (049d6eca3c44) revision 302446'; Using compiler version '192528614'; Build Type 'Release'
OS: 'Windows 10 Pro; OS build 19042.1165; Version 2009; 64bit' Language: 'en' Physical Memory: 8109 MB
BatchMode: 1, IsHumanControllingUs: 0, StartBugReporterOnCrash: 0, Is64bit: 1, IsPro: 0

 COMMAND LINE ARGUMENTS:
C:\Program Files\Unity\Hub\Editor\2020.3.16f1\Editor\Unity.exe
-adb2
-batchMode
-noUpm
-name
AssetImportWorker0
-projectPath
C:/Users/Sam Noel/OneDrive/Desktop/Uni/Fall 2021/G300/Obscure_New/Obscure
-logFile
Logs/AssetImportWorker0.log
-srvPort
54015
Successfully changed project path to: C:/Users/Sam Noel/OneDrive/Desktop/Uni/Fall 2021/G300/Obscure_New/Obscure
C:/Users/Sam Noel/OneDrive/Desktop/Uni/Fall 2021/G300/Obscure_New/Obscure
Using Asset Import Pipeline V2.
Refreshing native plugins compatible for Editor in 153.71 ms, found 2 plugins.
Preloading 0 native plugins for Editor in 0.00 ms.
Initialize engine version: 2020.3.16f1 (049d6eca3c44)
[Subsystems] Discovering subsystems at path C:/Program Files/Unity/Hub/Editor/2020.3.16f1/Editor/Data/Resources/UnitySubsystems
[Subsystems] Discovering subsystems at path C:/Users/Sam Noel/OneDrive/Desktop/Uni/Fall 2021/G300/Obscure_New/Obscure/Assets
GfxDevice: creating device client; threaded=0
Direct3D:
    Version:  Direct3D 11.0 [level 11.1]
    Renderer: Intel(R) HD Graphics 520 (ID=0x1916)
    Vendor:   
    VRAM:     4054 MB
    Driver:   24.20.100.6293
Initialize mono
Mono path[0] = 'C:/Program Files/Unity/Hub/Editor/2020.3.16f1/Editor/Data/Managed'
Mono path[1] = 'C:/Program Files/Unity/Hub/Editor/2020.3.16f1/Editor/Data/MonoBleedingEdge/lib/mono/unityjit'
Mono config path = 'C:/Program Files/Unity/Hub/Editor/2020.3.16f1/Editor/Data/MonoBleedingEdge/etc'
Using monoOptions --debugger-agent=transport=dt_socket,embedding=1,server=y,suspend=n,address=127.0.0.1:56364
Begin MonoManager ReloadAssembly
Registering precompiled unity dll's ...
Register platform support module: C:/Program Files/Unity/Hub/Editor/2020.3.16f1/Editor/Data/PlaybackEngines/WindowsStandaloneSupport/UnityEditor.WindowsStandalone.Extensions.dll
Registered in 0.009674 seconds.
Native extension for WindowsStandalone target not found
Refreshing native plugins compatible for Editor in 152.78 ms, found 2 plugins.
Preloading 0 native plugins for Editor in 0.00 ms.
Mono: successfully reloaded assembly
- Completed reload, in  7.619 seconds
Domain Reload Profiling:
	ReloadAssembly (7619ms)
		BeginReloadAssembly (235ms)
			ExecutionOrderSort (0ms)
			DisableScriptedObjects (0ms)
			BackupInstance (0ms)
			ReleaseScriptingObjects (0ms)
			CreateAndSetChildDomain (3ms)
		EndReloadAssembly (1775ms)
			LoadAssemblies (224ms)
			RebuildTransferFunctionScriptingTraits (0ms)
			SetupTypeCache (705ms)
			ReleaseScriptCaches (0ms)
			RebuildScriptCaches (130ms)
			SetupLoadedEditorAssemblies (637ms)
				LogAssemblyErrors (0ms)
				InitializePlatformSupportModulesInManaged (15ms)
				SetLoadedEditorAssemblies (1ms)
				RefreshPlugins (153ms)
				BeforeProcessingInitializeOnLoad (31ms)
				ProcessInitializeOnLoadAttributes (322ms)
				ProcessInitializeOnLoadMethodAttributes (115ms)
				AfterProcessingInitializeOnLoad (0ms)
				EditorAssembliesLoaded (1ms)
			ExecutionOrderSort2 (0ms)
			AwakeInstancesAfterBackupRestoration (0ms)
Platform modules already initialized, skipping
Registering precompiled user dll's ...
Registered in 0.029964 seconds.
Begin MonoManager ReloadAssembly
Native extension for WindowsStandalone target not found
Refreshing native plugins compatible for Editor in 1.11 ms, found 2 plugins.
Preloading 0 native plugins for Editor in 0.00 ms.
Mono: successfully reloaded assembly
- Completed reload, in  5.128 seconds
Domain Reload Profiling:
	ReloadAssembly (5131ms)
		BeginReloadAssembly (717ms)
			ExecutionOrderSort (0ms)
			DisableScriptedObjects (21ms)
			BackupInstance (0ms)
			ReleaseScriptingObjects (0ms)
			CreateAndSetChildDomain (84ms)
		EndReloadAssembly (4123ms)
			LoadAssemblies (439ms)
			RebuildTransferFunctionScriptingTraits (0ms)
			SetupTypeCache (1390ms)
			ReleaseScriptCaches (1ms)
			RebuildScriptCaches (178ms)
			SetupLoadedEditorAssemblies (1600ms)
				LogAssemblyErrors (0ms)
				InitializePlatformSupportModulesInManaged (35ms)
				SetLoadedEditorAssemblies (3ms)
				RefreshPlugins (1ms)
				BeforeProcessingInitializeOnLoad (292ms)
				ProcessInitializeOnLoadAttributes (1224ms)
				ProcessInitializeOnLoadMethodAttributes (19ms)
				AfterProcessingInitializeOnLoad (23ms)
				EditorAssembliesLoaded (2ms)
			ExecutionOrderSort2 (0ms)
			AwakeInstancesAfterBackupRestoration (27ms)
Platform modules already initialized, skipping
========================================================================
Worker process is ready to serve import requests
Launched and connected shader compiler UnityShaderCompiler.exe after 0.18 seconds
Refreshing native plugins compatible for Editor in 1.25 ms, found 2 plugins.
Preloading 0 native plugins for Editor in 0.00 ms.
Unloading 1805 Unused Serialized files (Serialized files now loaded: 0)
System memory in use before: 82.6 MB.
System memory in use after: 82.7 MB.

Unloading 18 unused Assets to reduce memory usage. Loaded Objects now: 2242.
Total: 9.332000 ms (FindLiveObjects: 0.352400 ms CreateObjectMapping: 0.148300 ms MarkObjects: 8.609000 ms  DeleteObjects: 0.219600 ms)

AssetImportParameters requested are different than current active one (requested -> active):
  custom:framework-win-MediaFoundation: 216162199b28c13a410421893ffa2e32 -> 
  custom:video-decoder-ogg-theora: a1e56fd34408186e4bbccfd4996cb3dc -> 
  custom:container-muxer-webm: aa71ff27fc2769a1b78a27578f13a17b -> 
  custom:container-demuxer-webm: 4f35f7cbe854078d1ac9338744f61a02 -> 
  custom:container-demuxer-ogg: 62fdf1f143b41e24485cea50d1cbac27 -> 
  custom:video-encoder-webm-vp8: eb34c28f22e8b96e1ab97ce403110664 -> 
  custom:video-decoder-webm-vp8: 9c59270c3fd7afecdb556c50c9e8de78 -> 
  custom:audio-decoder-ogg-vorbis: bf7c407c2cedff20999df2af8eb42d56 -> 
  custom:audio-encoder-webm-vorbis: bf7c407c2cedff20999df2af8eb42d56 -> 
========================================================================
Received Import Request.
  path: Assets/Trash Can.prefab
  artifactKey: Guid(d5e9f679dbc115143aa52a27729dba46) Importer(815301076,1909f56bfc062723c751e8b465ee728b)
Start importing Assets/Trash Can.prefab using Guid(d5e9f679dbc115143aa52a27729dba46) Importer(815301076,1909f56bfc062723c751e8b465ee728b)  -> (artifact id: '744bb12fbc6e321fec0771bdfbcf3c5c') in 0.206773 seconds 
  Import took 0.223461 seconds .

========================================================================
Received Import Request.
  Time since last request: 114.883694 seconds.
  path: Assets/New Folder/Trash Can.prefab
  artifactKey: Guid(96bf4efcde00cd34c8edda86df4a481a) Importer(815301076,1909f56bfc062723c751e8b465ee728b)
Start importing Assets/New Folder/Trash Can.prefab using Guid(96bf4efcde00cd34c8edda86df4a481a) Importer(815301076,1909f56bfc062723c751e8b465ee728b)  -> (artifact id: '0ccb2dcb814cc7f480e30a9c8be0eda4') in 0.100222 seconds 
  Import took 0.125771 seconds .

========================================================================
Received Import Request.
  Time since last request: 0.003989 seconds.
  path: Assets/New Folder/Trash Can.prefab
  artifactKey: Guid(96bf4efcde00cd34c8edda86df4a481a) Importer(815301076,1909f56bfc062723c751e8b465ee728b)
Start importing Assets/New Folder/Trash Can.prefab using Guid(96bf4efcde00cd34c8edda86df4a481a) Importer(815301076,1909f56bfc062723c751e8b465ee728b)  -> (artifact id: '0ccb2dcb814cc7f480e30a9c8be0eda4') in 0.019934 seconds 
  Import took 0.062701 seconds .

========================================================================
Received Import Request.
  Time since last request: 93.789166 seconds.
  path: Assets/New Folder/Bigger Trash Can.prefab
  artifactKey: Guid(42de5109fc617d24b9296cef2dc25dc6) Importer(815301076,1909f56bfc062723c751e8b465ee728b)
Start importing Assets/New Folder/Bigger Trash Can.prefab using Guid(42de5109fc617d24b9296cef2dc25dc6) Importer(815301076,1909f56bfc062723c751e8b465ee728b)  -> (artifact id: '923386a7dc98f8d3e3f272ae5f81541f') in 0.097831 seconds 
  Import took 0.137900 seconds .

========================================================================
Received Import Request.
  Time since last request: 269.420967 seconds.
  path: Assets/Garbage Area/Dumpster (S).prefab
  artifactKey: Guid(bf5418672455e7040b62d240c50809e6) Importer(815301076,1909f56bfc062723c751e8b465ee728b)
Start importing Assets/Garbage Area/Dumpster (S).prefab using Guid(bf5418672455e7040b62d240c50809e6) Importer(815301076,1909f56bfc062723c751e8b465ee728b)  -> (artifact id: 'e4171fbd5c6354ae46cf2e71972df34b') in 0.264234 seconds 
  Import took 0.286667 seconds .

========================================================================
Received Import Request.
  Time since last request: 431.048667 seconds.
  path: Assets/Garbage Area/Dumpster (L).prefab
  artifactKey: Guid(246c4548354045943ba06fb623aaed08) Importer(815301076,1909f56bfc062723c751e8b465ee728b)
Start importing Assets/Garbage Area/Dumpster (L).prefab using Guid(246c4548354045943ba06fb623aaed08) Importer(815301076,1909f56bfc062723c751e8b465ee728b)  -> (artifact id: '8173687b3baf6fb7a21fa21ca7df0918') in 0.060215 seconds 
  Import took 0.087316 seconds .

========================================================================
Received Import Request.
  Time since last request: 103.067994 seconds.
  path: Assets/Garbage Area/Lightpole.prefab
  artifactKey: Guid(66b9838a08f91ab4bad4fc10867d38b3) Importer(815301076,1909f56bfc062723c751e8b465ee728b)
Start importing Assets/Garbage Area/Lightpole.prefab using Guid(66b9838a08f91ab4bad4fc10867d38b3) Importer(815301076,1909f56bfc062723c751e8b465ee728b)  -> (artifact id: '2e638b12d96819a0addd1ff8b09dcdfa') in 0.045617 seconds 
  Import took 0.075233 seconds .

========================================================================
Received Import Request.
  Time since last request: 290.636299 seconds.
  path: Assets/Garbage Area/Dumpster (XL).prefab
  artifactKey: Guid(028c2386e22b871409106834a059cd18) Importer(815301076,1909f56bfc062723c751e8b465ee728b)
Start importing Assets/Garbage Area/Dumpster (XL).prefab using Guid(028c2386e22b871409106834a059cd18) Importer(815301076,1909f56bfc062723c751e8b465ee728b)  -> (artifact id: '01bee4c816ea3fbb692f68200159f7f3') in 0.046823 seconds 
  Import took 0.070237 seconds .

